  [1m[35m (2.0ms)[0m  [1m[35mCREATE TABLE "schema_migrations" ("version" varchar NOT NULL PRIMARY KEY) /*application='CompetitionsApp'*/[0m
  [1m[35m (0.3ms)[0m  [1m[35mCREATE TABLE "ar_internal_metadata" ("key" varchar NOT NULL PRIMARY KEY, "value" varchar, "created_at" datetime(6) NOT NULL, "updated_at" datetime(6) NOT NULL) /*application='CompetitionsApp'*/[0m
  [1m[36mActiveRecord::InternalMetadata Load (0.2ms)[0m  [1m[34mSELECT * FROM "ar_internal_metadata" WHERE "ar_internal_metadata"."key" = 'environment' ORDER BY "ar_internal_metadata"."key" ASC LIMIT 1 /*application='CompetitionsApp'*/[0m
  [1m[36mActiveRecord::InternalMetadata Create (0.3ms)[0m  [1m[32mINSERT INTO "ar_internal_metadata" ("key", "value", "created_at", "updated_at") VALUES ('environment', 'development', '2025-05-11 17:34:29.746644', '2025-05-11 17:34:29.746648') RETURNING "key" /*application='CompetitionsApp'*/[0m
  [1m[36mActiveRecord::SchemaMigration Load (0.1ms)[0m  [1m[34mSELECT "schema_migrations"."version" FROM "schema_migrations" ORDER BY "schema_migrations"."version" ASC /*application='CompetitionsApp'*/[0m
Migrating to CreateCompetitions (20250511173212)
  [1m[36mTRANSACTION (0.1ms)[0m  [1m[35mBEGIN immediate TRANSACTION /*application='CompetitionsApp'*/[0m
  [1m[35m (3.1ms)[0m  [1m[35mCREATE TABLE "competitions" ("id" integer PRIMARY KEY AUTOINCREMENT NOT NULL, "name" varchar, "created_at" datetime(6) NOT NULL, "updated_at" datetime(6) NOT NULL) /*application='CompetitionsApp'*/[0m
  [1m[36mActiveRecord::SchemaMigration Create (0.2ms)[0m  [1m[32mINSERT INTO "schema_migrations" ("version") VALUES ('20250511173212') RETURNING "version" /*application='CompetitionsApp'*/[0m
  [1m[36mTRANSACTION (0.2ms)[0m  [1m[35mCOMMIT TRANSACTION /*application='CompetitionsApp'*/[0m
Migrating to CreateSports (20250511173249)
  [1m[36mTRANSACTION (0.1ms)[0m  [1m[35mBEGIN immediate TRANSACTION /*application='CompetitionsApp'*/[0m
  [1m[35m (3.5ms)[0m  [1m[35mCREATE TABLE "sports" ("id" integer PRIMARY KEY AUTOINCREMENT NOT NULL, "name" varchar, "competition_id" integer NOT NULL, "created_at" datetime(6) NOT NULL, "updated_at" datetime(6) NOT NULL, CONSTRAINT "fk_rails_ea07849a31"
FOREIGN KEY ("competition_id")
  REFERENCES "competitions" ("id")
) /*application='CompetitionsApp'*/[0m
  [1m[35m (0.3ms)[0m  [1m[35mCREATE INDEX "index_sports_on_competition_id" ON "sports" ("competition_id") /*application='CompetitionsApp'*/[0m
  [1m[36mActiveRecord::SchemaMigration Create (0.3ms)[0m  [1m[32mINSERT INTO "schema_migrations" ("version") VALUES ('20250511173249') RETURNING "version" /*application='CompetitionsApp'*/[0m
  [1m[36mTRANSACTION (0.3ms)[0m  [1m[35mCOMMIT TRANSACTION /*application='CompetitionsApp'*/[0m
Migrating to CreateTeams (20250511173329)
  [1m[36mTRANSACTION (0.1ms)[0m  [1m[35mBEGIN immediate TRANSACTION /*application='CompetitionsApp'*/[0m
  [1m[35m (3.7ms)[0m  [1m[35mCREATE TABLE "teams" ("id" integer PRIMARY KEY AUTOINCREMENT NOT NULL, "name" varchar, "competition_id" integer NOT NULL, "created_at" datetime(6) NOT NULL, "updated_at" datetime(6) NOT NULL, CONSTRAINT "fk_rails_cd90ab3f0a"
FOREIGN KEY ("competition_id")
  REFERENCES "competitions" ("id")
) /*application='CompetitionsApp'*/[0m
  [1m[35m (0.2ms)[0m  [1m[35mCREATE INDEX "index_teams_on_competition_id" ON "teams" ("competition_id") /*application='CompetitionsApp'*/[0m
  [1m[36mActiveRecord::SchemaMigration Create (0.3ms)[0m  [1m[32mINSERT INTO "schema_migrations" ("version") VALUES ('20250511173329') RETURNING "version" /*application='CompetitionsApp'*/[0m
  [1m[36mTRANSACTION (0.5ms)[0m  [1m[35mCOMMIT TRANSACTION /*application='CompetitionsApp'*/[0m
Migrating to CreatePhones (20250511173350)
  [1m[36mTRANSACTION (0.1ms)[0m  [1m[35mBEGIN immediate TRANSACTION /*application='CompetitionsApp'*/[0m
  [1m[35m (3.1ms)[0m  [1m[35mCREATE TABLE "phones" ("id" integer PRIMARY KEY AUTOINCREMENT NOT NULL, "number" varchar, "team_id" integer NOT NULL, "created_at" datetime(6) NOT NULL, "updated_at" datetime(6) NOT NULL, CONSTRAINT "fk_rails_80306c08da"
FOREIGN KEY ("team_id")
  REFERENCES "teams" ("id")
) /*application='CompetitionsApp'*/[0m
  [1m[35m (0.2ms)[0m  [1m[35mCREATE INDEX "index_phones_on_team_id" ON "phones" ("team_id") /*application='CompetitionsApp'*/[0m
  [1m[36mActiveRecord::SchemaMigration Create (0.2ms)[0m  [1m[32mINSERT INTO "schema_migrations" ("version") VALUES ('20250511173350') RETURNING "version" /*application='CompetitionsApp'*/[0m
  [1m[36mTRANSACTION (0.2ms)[0m  [1m[35mCOMMIT TRANSACTION /*application='CompetitionsApp'*/[0m
  [1m[36mActiveRecord::SchemaMigration Load (0.1ms)[0m  [1m[34mSELECT "schema_migrations"."version" FROM "schema_migrations" ORDER BY "schema_migrations"."version" ASC /*application='CompetitionsApp'*/[0m
  [1m[36mTRANSACTION (0.1ms)[0m  [1m[35mBEGIN immediate TRANSACTION /*application='CompetitionsApp'*/[0m
  [1m[36mCompetition Exists? (1.1ms)[0m  [1m[34mSELECT 1 AS one FROM "competitions" WHERE "competitions"."name" = '' LIMIT 1 /*application='CompetitionsApp'*/[0m
  [1m[36mTRANSACTION (0.1ms)[0m  [1m[31mROLLBACK TRANSACTION /*application='CompetitionsApp'*/[0m
  [1m[36mTRANSACTION (0.1ms)[0m  [1m[35mBEGIN immediate TRANSACTION /*application='CompetitionsApp'*/[0m
  [1m[36mCompetition Exists? (0.7ms)[0m  [1m[34mSELECT 1 AS one FROM "competitions" WHERE "competitions"."name" = 'Олімпіада' LIMIT 1 /*application='CompetitionsApp'*/[0m
  [1m[36mCompetition Create (0.2ms)[0m  [1m[32mINSERT INTO "competitions" ("name", "created_at", "updated_at") VALUES ('Олімпіада', '2025-05-11 17:41:55.853269', '2025-05-11 17:41:55.853269') RETURNING "id" /*application='CompetitionsApp'*/[0m
  [1m[36mTRANSACTION (5.8ms)[0m  [1m[35mCOMMIT TRANSACTION /*application='CompetitionsApp'*/[0m
  [1m[36mTRANSACTION (0.1ms)[0m  [1m[35mBEGIN immediate TRANSACTION /*application='CompetitionsApp'*/[0m
  [1m[36mSport Create (0.7ms)[0m  [1m[32mINSERT INTO "sports" ("name", "competition_id", "created_at", "updated_at") VALUES ('Біг', 1, '2025-05-11 17:42:37.824945', '2025-05-11 17:42:37.824945') RETURNING "id" /*application='CompetitionsApp'*/[0m
  [1m[36mTRANSACTION (0.2ms)[0m  [1m[35mCOMMIT TRANSACTION /*application='CompetitionsApp'*/[0m
  [1m[36mTRANSACTION (0.1ms)[0m  [1m[35mBEGIN immediate TRANSACTION /*application='CompetitionsApp'*/[0m
  [1m[36mTeam Create (0.8ms)[0m  [1m[32mINSERT INTO "teams" ("name", "competition_id", "created_at", "updated_at") VALUES ('Україна', 1, '2025-05-11 17:43:11.833700', '2025-05-11 17:43:11.833700') RETURNING "id" /*application='CompetitionsApp'*/[0m
  [1m[36mTRANSACTION (0.2ms)[0m  [1m[35mCOMMIT TRANSACTION /*application='CompetitionsApp'*/[0m
  [1m[36mTRANSACTION (0.1ms)[0m  [1m[35mBEGIN immediate TRANSACTION /*application='CompetitionsApp'*/[0m
  [1m[36mPhone Create (0.8ms)[0m  [1m[32mINSERT INTO "phones" ("number", "team_id", "created_at", "updated_at") VALUES ('1234567890', 1, '2025-05-11 17:43:59.492799', '2025-05-11 17:43:59.492799') RETURNING "id" /*application='CompetitionsApp'*/[0m
  [1m[36mTRANSACTION (0.1ms)[0m  [1m[35mCOMMIT TRANSACTION /*application='CompetitionsApp'*/[0m
  [1m[36mCompetition Load (0.2ms)[0m  [1m[34mSELECT "competitions".* FROM "competitions" /* loading for pp */ LIMIT 11 /*application='CompetitionsApp'*/[0m
  [1m[36mSport Load (0.2ms)[0m  [1m[34mSELECT "sports".* FROM "sports" /* loading for pp */ LIMIT 11 /*application='CompetitionsApp'*/[0m
  [1m[36mTeam Load (0.2ms)[0m  [1m[34mSELECT "teams".* FROM "teams" /* loading for pp */ LIMIT 11 /*application='CompetitionsApp'*/[0m
  [1m[36mPhone Load (0.2ms)[0m  [1m[34mSELECT "phones".* FROM "phones" /* loading for pp */ LIMIT 11 /*application='CompetitionsApp'*/[0m
Started GET "/" for ::1 at 2025-05-11 20:54:52 +0300
  [1m[36mActiveRecord::SchemaMigration Load (0.5ms)[0m  [1m[34mSELECT "schema_migrations"."version" FROM "schema_migrations" ORDER BY "schema_migrations"."version" ASC /*application='CompetitionsApp'*/[0m
Processing by CompetitionsController#index as HTML
  Rendering layout layouts/application.html.erb
  Rendering competitions/index.html.erb within layouts/application
  Rendered competitions/index.html.erb within layouts/application (Duration: 27.9ms | GC: 0.0ms)
  Rendered layout layouts/application.html.erb (Duration: 29.2ms | GC: 0.0ms)
Completed 500 Internal Server Error in 4137ms (ActiveRecord: 0.0ms (0 queries, 0 cached) | GC: 0.0ms)


  
ActionView::Template::Error (undefined method `each' for nil)
Caused by: NoMethodError (undefined method `each' for nil)

Information for: ActionView::Template::Error (undefined method `each' for nil):
    11:     </tr>
    12:   </thead>
    13:   <tbody>
    14:     <% @competitions.each do |competition| %>
    15:       <tr>
    16:         <td><%= competition.id %></td>
    17:         <td><%= competition.name %></td>
  
app/views/competitions/index.html.erb:14

Information for cause: NoMethodError (undefined method `each' for nil):
  
app/views/competitions/index.html.erb:14
Started GET "/favicon.ico" for ::1 at 2025-05-11 20:54:59 +0300
  
ActionController::RoutingError (No route matches [GET] "/favicon.ico"):
  
Started GET "/" for ::1 at 2025-05-11 20:57:38 +0300
  [1m[36mActiveRecord::SchemaMigration Load (0.4ms)[0m  [1m[34mSELECT "schema_migrations"."version" FROM "schema_migrations" ORDER BY "schema_migrations"."version" ASC /*application='CompetitionsApp'*/[0m
Processing by CompetitionsController#index as HTML
Completed 500 Internal Server Error in 3768ms (ActiveRecord: 0.0ms (0 queries, 0 cached) | GC: 0.0ms)


  
Zeitwerk::NameError (expected file C:/Users/gusak/Desktop/Ruby/4.2/competitions_app/app/models/competition.rb to define constant Competition, but didn't):
  
app/controllers/competitions_controller.rb:3:in `index'
Started GET "/" for ::1 at 2025-05-11 21:02:39 +0300
  [1m[36mActiveRecord::SchemaMigration Load (0.3ms)[0m  [1m[34mSELECT "schema_migrations"."version" FROM "schema_migrations" ORDER BY "schema_migrations"."version" ASC /*application='CompetitionsApp'*/[0m
Processing by CompetitionsController#index as HTML
Completed 500 Internal Server Error in 2798ms (ActiveRecord: 0.0ms (0 queries, 0 cached) | GC: 0.0ms)


  
NoMethodError (undefined method `before_action' for class Competition):
  
app/models/competition.rb:2:in `<class:Competition>'
app/models/competition.rb:1:in `<main>'
app/controllers/competitions_controller.rb:3:in `index'
Started GET "/" for ::1 at 2025-05-11 21:04:10 +0300
  [1m[36mActiveRecord::SchemaMigration Load (0.3ms)[0m  [1m[34mSELECT "schema_migrations"."version" FROM "schema_migrations" ORDER BY "schema_migrations"."version" ASC /*application='CompetitionsApp'*/[0m
Processing by CompetitionsController#index as HTML
  Rendering layout layouts/application.html.erb
  Rendering competitions/index.html.erb within layouts/application
  [1m[36mCompetition Load (3.7ms)[0m  [1m[34mSELECT "competitions".* FROM "competitions" /*action='index',application='CompetitionsApp',controller='competitions'*/[0m
  ↳ app/views/competitions/index.html.erb:14
  Rendered competitions/index.html.erb within layouts/application (Duration: 17.9ms | GC: 0.0ms)
  Rendered layout layouts/application.html.erb (Duration: 22.3ms | GC: 0.0ms)
Completed 200 OK in 3061ms (Views: 60.5ms | ActiveRecord: 6.8ms (1 query, 0 cached) | GC: 0.0ms)


Started GET "/competitions/new" for ::1 at 2025-05-11 21:04:19 +0300
Processing by CompetitionsController#new as HTML
  Rendering layout layouts/application.html.erb
  Rendering competitions/new.html.erb within layouts/application
  Rendered competitions/_form.html.erb (Duration: 337.0ms | GC: 0.0ms)
  Rendered competitions/new.html.erb within layouts/application (Duration: 343.0ms | GC: 0.0ms)
  Rendered layout layouts/application.html.erb (Duration: 343.8ms | GC: 0.0ms)
Completed 500 Internal Server Error in 1633ms (ActiveRecord: 0.0ms (0 queries, 0 cached) | GC: 0.0ms)


  
ActionView::Template::Error (Passed nil to the :model argument, expect an object or false)
Caused by: ArgumentError (Passed nil to the :model argument, expect an object or false)

Information for: ActionView::Template::Error (Passed nil to the :model argument, expect an object or false):
    1: <%= form_with(model: competition, local: true, class: "mb-3") do |form| %>
    2:   <div class="mb-3">
    3:     <%= form.label :name, "Назва змагання", class: "form-label" %>
    4:     <%= form.text_field :name, class: "form-control" %>
  
app/views/competitions/_form.html.erb:1
app/views/competitions/new.html.erb:2

Information for cause: ArgumentError (Passed nil to the :model argument, expect an object or false):
  
app/views/competitions/_form.html.erb:1
app/views/competitions/new.html.erb:2
Started GET "/" for ::1 at 2025-05-11 21:08:11 +0300
  [1m[36mActiveRecord::SchemaMigration Load (0.3ms)[0m  [1m[34mSELECT "schema_migrations"."version" FROM "schema_migrations" ORDER BY "schema_migrations"."version" ASC /*application='CompetitionsApp'*/[0m
  
NameError (uninitialized constant ApplicationController):
  
app/controllers/application_controller.rb:1:in `<main>'
app/controllers/competitions_controller.rb:1:in `<main>'
Started GET "/" for ::1 at 2025-05-11 21:08:48 +0300
  
Zeitwerk::NameError (expected file C:/Users/gusak/Desktop/Ruby/4.2/competitions_app/app/controllers/application_controller.rb to define constant ApplicationController, but didn't):
  
app/controllers/competitions_controller.rb:1:in `<main>'
Started GET "/" for ::1 at 2025-05-11 21:09:04 +0300
  
NameError (uninitialized constant ApplicationController):
  
app/controllers/application_controller.rb:1:in `<main>'
app/controllers/competitions_controller.rb:1:in `<main>'
Started GET "/" for ::1 at 2025-05-11 21:10:32 +0300
Processing by CompetitionsController#index as HTML
  Rendering layout layouts/application.html.erb
  Rendering competitions/index.html.erb within layouts/application
  Rendered competitions/index.html.erb within layouts/application (Duration: 2.1ms | GC: 0.0ms)
  Rendered layout layouts/application.html.erb (Duration: 2.8ms | GC: 0.0ms)
Completed 500 Internal Server Error in 2601ms (ActiveRecord: 0.0ms (0 queries, 0 cached) | GC: 0.0ms)


  
ActionView::Template::Error (undefined method `each' for nil)
Caused by: NoMethodError (undefined method `each' for nil)

Information for: ActionView::Template::Error (undefined method `each' for nil):
    11:     </tr>
    12:   </thead>
    13:   <tbody>
    14:     <% @competitions.each do |competition| %>
    15:       <tr>
    16:         <td><%= competition.id %></td>
    17:         <td><%= competition.name %></td>
  
app/views/competitions/index.html.erb:14

Information for cause: NoMethodError (undefined method `each' for nil):
  
app/views/competitions/index.html.erb:14
Started GET "/" for ::1 at 2025-05-11 21:11:24 +0300
Processing by CompetitionsController#index as HTML
  Rendering layout layouts/application.html.erb
  Rendering competitions/index.html.erb within layouts/application
  [1m[36mCompetition Load (3.1ms)[0m  [1m[34mSELECT "competitions".* FROM "competitions" /*action='index',application='CompetitionsApp',controller='competitions'*/[0m
  ↳ app/views/competitions/index.html.erb:14
  Rendered competitions/index.html.erb within layouts/application (Duration: 15.3ms | GC: 0.0ms)
  Rendered layout layouts/application.html.erb (Duration: 18.0ms | GC: 0.0ms)
Completed 200 OK in 1379ms (Views: 27.2ms | ActiveRecord: 5.7ms (1 query, 0 cached) | GC: 0.0ms)


Started GET "/competitions/1" for ::1 at 2025-05-11 21:11:28 +0300
Processing by CompetitionsController#show as HTML
  Parameters: {"id"=>"1"}
  Rendering layout layouts/application.html.erb
  Rendering competitions/show.html.erb within layouts/application
  Rendered competitions/show.html.erb within layouts/application (Duration: 1.9ms | GC: 0.0ms)
  Rendered layout layouts/application.html.erb (Duration: 3.0ms | GC: 0.0ms)
Completed 500 Internal Server Error in 1289ms (ActiveRecord: 0.0ms (0 queries, 0 cached) | GC: 0.0ms)


  
ActionView::Template::Error (undefined method `name' for nil)
Caused by: NoMethodError (undefined method `name' for nil)

Information for: ActionView::Template::Error (undefined method `name' for nil):
    1: <h2><%= @competition.name %></h2>
    2: <%= link_to "Редагувати", edit_competition_path(@competition), class: "btn btn-warning" %>
    3: <%= link_to "Назад", competitions_path, class: "btn btn-secondary" %>
  
app/views/competitions/show.html.erb:1

Information for cause: NoMethodError (undefined method `name' for nil):
  
app/views/competitions/show.html.erb:1
Started GET "/competitions/1/edit" for ::1 at 2025-05-11 21:11:37 +0300
Processing by CompetitionsController#edit as HTML
  Parameters: {"id"=>"1"}
  Rendering layout layouts/application.html.erb
  Rendering competitions/edit.html.erb within layouts/application
  Rendered competitions/_form.html.erb (Duration: 1.1ms | GC: 0.0ms)
  Rendered competitions/edit.html.erb within layouts/application (Duration: 7.0ms | GC: 0.0ms)
  Rendered layout layouts/application.html.erb (Duration: 7.7ms | GC: 0.0ms)
Completed 500 Internal Server Error in 1294ms (ActiveRecord: 0.0ms (0 queries, 0 cached) | GC: 0.0ms)


  
ActionView::Template::Error (Passed nil to the :model argument, expect an object or false)
Caused by: ArgumentError (Passed nil to the :model argument, expect an object or false)

Information for: ActionView::Template::Error (Passed nil to the :model argument, expect an object or false):
    1: <%= form_with(model: competition, local: true, class: "mb-3") do |form| %>
    2:   <div class="mb-3">
    3:     <%= form.label :name, "Назва змагання", class: "form-label" %>
    4:     <%= form.text_field :name, class: "form-control" %>
  
app/views/competitions/_form.html.erb:1
app/views/competitions/edit.html.erb:2

Information for cause: ArgumentError (Passed nil to the :model argument, expect an object or false):
  
app/views/competitions/_form.html.erb:1
app/views/competitions/edit.html.erb:2
Started GET "/competitions/new" for ::1 at 2025-05-11 21:11:42 +0300
Processing by CompetitionsController#new as HTML
  Rendering layout layouts/application.html.erb
  Rendering competitions/new.html.erb within layouts/application
  Rendered competitions/_form.html.erb (Duration: 0.4ms | GC: 0.0ms)
  Rendered competitions/new.html.erb within layouts/application (Duration: 2.5ms | GC: 0.0ms)
  Rendered layout layouts/application.html.erb (Duration: 3.5ms | GC: 0.0ms)
Completed 500 Internal Server Error in 1283ms (ActiveRecord: 0.0ms (0 queries, 0 cached) | GC: 0.0ms)


  
ActionView::Template::Error (Passed nil to the :model argument, expect an object or false)
Caused by: ArgumentError (Passed nil to the :model argument, expect an object or false)

Information for: ActionView::Template::Error (Passed nil to the :model argument, expect an object or false):
    1: <%= form_with(model: competition, local: true, class: "mb-3") do |form| %>
    2:   <div class="mb-3">
    3:     <%= form.label :name, "Назва змагання", class: "form-label" %>
    4:     <%= form.text_field :name, class: "form-control" %>
  
app/views/competitions/_form.html.erb:1
app/views/competitions/new.html.erb:2

Information for cause: ArgumentError (Passed nil to the :model argument, expect an object or false):
  
app/views/competitions/_form.html.erb:1
app/views/competitions/new.html.erb:2
Started GET "/competitions/new" for ::1 at 2025-05-11 21:11:53 +0300
Processing by CompetitionsController#new as HTML
  Rendering layout layouts/application.html.erb
  Rendering competitions/new.html.erb within layouts/application
  Rendered competitions/_form.html.erb (Duration: 0.6ms | GC: 0.0ms)
  Rendered competitions/new.html.erb within layouts/application (Duration: 1.5ms | GC: 0.0ms)
  Rendered layout layouts/application.html.erb (Duration: 2.7ms | GC: 0.0ms)
Completed 500 Internal Server Error in 1278ms (ActiveRecord: 0.0ms (0 queries, 0 cached) | GC: 0.0ms)


  
ActionView::Template::Error (Passed nil to the :model argument, expect an object or false)
Caused by: ArgumentError (Passed nil to the :model argument, expect an object or false)

Information for: ActionView::Template::Error (Passed nil to the :model argument, expect an object or false):
    1: <%= form_with(model: competition, local: true, class: "mb-3") do |form| %>
    2:   <div class="mb-3">
    3:     <%= form.label :name, "Назва змагання", class: "form-label" %>
    4:     <%= form.text_field :name, class: "form-control" %>
  
app/views/competitions/_form.html.erb:1
app/views/competitions/new.html.erb:2

Information for cause: ArgumentError (Passed nil to the :model argument, expect an object or false):
  
app/views/competitions/_form.html.erb:1
app/views/competitions/new.html.erb:2
Started GET "/" for ::1 at 2025-05-11 21:12:36 +0300
Processing by CompetitionsController#index as HTML
  Rendering layout layouts/application.html.erb
  Rendering competitions/index.html.erb within layouts/application
  [1m[36mCompetition Load (0.2ms)[0m  [1m[34mSELECT "competitions".* FROM "competitions" /*action='index',application='CompetitionsApp',controller='competitions'*/[0m
  ↳ app/views/competitions/index.html.erb:14
  Rendered competitions/index.html.erb within layouts/application (Duration: 4.0ms | GC: 0.0ms)
  Rendered layout layouts/application.html.erb (Duration: 5.4ms | GC: 0.0ms)
Completed 200 OK in 1310ms (Views: 6.0ms | ActiveRecord: 0.2ms (1 query, 0 cached) | GC: 0.0ms)


Started GET "/competitions/new" for ::1 at 2025-05-11 21:14:49 +0300
Processing by CompetitionsController#new as HTML
  Rendering layout layouts/application.html.erb
  Rendering competitions/new.html.erb within layouts/application
  Rendered competitions/_form.html.erb (Duration: 0.6ms | GC: 0.0ms)
  Rendered competitions/new.html.erb within layouts/application (Duration: 1.9ms | GC: 0.0ms)
  Rendered layout layouts/application.html.erb (Duration: 2.8ms | GC: 0.0ms)
Completed 500 Internal Server Error in 1287ms (ActiveRecord: 0.0ms (0 queries, 0 cached) | GC: 0.0ms)


  
ActionView::Template::Error (Passed nil to the :model argument, expect an object or false)
Caused by: ArgumentError (Passed nil to the :model argument, expect an object or false)

Information for: ActionView::Template::Error (Passed nil to the :model argument, expect an object or false):
    1: <%= form_with(model: competition, local: true, class: "mb-3") do |form| %>
    2:   <div class="mb-3">
    3:     <%= form.label :name, "Назва змагання", class: "form-label" %>
    4:     <%= form.text_field :name, class: "form-control" %>
  
app/views/competitions/_form.html.erb:1
app/views/competitions/new.html.erb:2

Information for cause: ArgumentError (Passed nil to the :model argument, expect an object or false):
  
app/views/competitions/_form.html.erb:1
app/views/competitions/new.html.erb:2
Started GET "/competitions/new" for ::1 at 2025-05-11 21:16:03 +0300
Processing by CompetitionsController#new as HTML
  Rendering layout layouts/application.html.erb
  Rendering competitions/new.html.erb within layouts/application
  Rendered competitions/_form.html.erb (Duration: 27.7ms | GC: 0.0ms)
  Rendered competitions/new.html.erb within layouts/application (Duration: 34.5ms | GC: 0.0ms)
  Rendered layout layouts/application.html.erb (Duration: 36.3ms | GC: 0.0ms)
Completed 200 OK in 1369ms (Views: 51.1ms | ActiveRecord: 3.7ms (0 queries, 0 cached) | GC: 0.0ms)


Started GET "/competitions/new" for ::1 at 2025-05-11 21:16:10 +0300
Processing by CompetitionsController#new as HTML
  Rendering layout layouts/application.html.erb
  Rendering competitions/new.html.erb within layouts/application
  Rendered competitions/_form.html.erb (Duration: 1.9ms | GC: 0.0ms)
  Rendered competitions/new.html.erb within layouts/application (Duration: 2.9ms | GC: 0.0ms)
  Rendered layout layouts/application.html.erb (Duration: 4.1ms | GC: 0.0ms)
Completed 200 OK in 1768ms (Views: 4.9ms | ActiveRecord: 0.0ms (0 queries, 0 cached) | GC: 0.0ms)


Started POST "/competitions" for ::1 at 2025-05-11 21:16:20 +0300
  
AbstractController::ActionNotFound (The action 'create' could not be found for CompetitionsController):
  
actionpack (8.0.2) lib/abstract_controller/base.rb:158:in `process'
actionview (8.0.2) lib/action_view/rendering.rb:40:in `process'
actionpack (8.0.2) lib/action_controller/metal.rb:252:in `dispatch'
actionpack (8.0.2) lib/action_controller/metal.rb:335:in `dispatch'
actionpack (8.0.2) lib/action_dispatch/routing/route_set.rb:67:in `dispatch'
actionpack (8.0.2) lib/action_dispatch/routing/route_set.rb:50:in `serve'
actionpack (8.0.2) lib/action_dispatch/journey/router.rb:53:in `block in serve'
actionpack (8.0.2) lib/action_dispatch/journey/router.rb:133:in `block in find_routes'
actionpack (8.0.2) lib/action_dispatch/journey/router.rb:126:in `each'
actionpack (8.0.2) lib/action_dispatch/journey/router.rb:126:in `find_routes'
actionpack (8.0.2) lib/action_dispatch/journey/router.rb:34:in `serve'
actionpack (8.0.2) lib/action_dispatch/routing/route_set.rb:908:in `call'
railties (8.0.2) lib/rails/engine/lazy_route_set.rb:68:in `call'
rack (3.1.14) lib/rack/tempfile_reaper.rb:20:in `call'
rack (3.1.14) lib/rack/etag.rb:29:in `call'
rack (3.1.14) lib/rack/conditional_get.rb:43:in `call'
rack (3.1.14) lib/rack/head.rb:15:in `call'
actionpack (8.0.2) lib/action_dispatch/http/permissions_policy.rb:38:in `call'
actionpack (8.0.2) lib/action_dispatch/http/content_security_policy.rb:38:in `call'
rack-session (2.1.1) lib/rack/session/abstract/id.rb:274:in `context'
rack-session (2.1.1) lib/rack/session/abstract/id.rb:268:in `call'
actionpack (8.0.2) lib/action_dispatch/middleware/cookies.rb:706:in `call'
activerecord (8.0.2) lib/active_record/migration.rb:671:in `call'
actionpack (8.0.2) lib/action_dispatch/middleware/callbacks.rb:31:in `block in call'
activesupport (8.0.2) lib/active_support/callbacks.rb:100:in `run_callbacks'
actionpack (8.0.2) lib/action_dispatch/middleware/callbacks.rb:30:in `call'
actionpack (8.0.2) lib/action_dispatch/middleware/executor.rb:16:in `call'
actionpack (8.0.2) lib/action_dispatch/middleware/actionable_exceptions.rb:18:in `call'
actionpack (8.0.2) lib/action_dispatch/middleware/debug_exceptions.rb:31:in `call'
web-console (4.2.1) lib/web_console/middleware.rb:132:in `call_app'
web-console (4.2.1) lib/web_console/middleware.rb:28:in `block in call'
web-console (4.2.1) lib/web_console/middleware.rb:17:in `catch'
web-console (4.2.1) lib/web_console/middleware.rb:17:in `call'
actionpack (8.0.2) lib/action_dispatch/middleware/show_exceptions.rb:32:in `call'
railties (8.0.2) lib/rails/rack/logger.rb:41:in `call_app'
railties (8.0.2) lib/rails/rack/logger.rb:29:in `call'
actionpack (8.0.2) lib/action_dispatch/middleware/remote_ip.rb:96:in `call'
actionpack (8.0.2) lib/action_dispatch/middleware/request_id.rb:34:in `call'
rack (3.1.14) lib/rack/method_override.rb:28:in `call'
rack (3.1.14) lib/rack/runtime.rb:24:in `call'
actionpack (8.0.2) lib/action_dispatch/middleware/server_timing.rb:61:in `block in call'
actionpack (8.0.2) lib/action_dispatch/middleware/server_timing.rb:26:in `collect_events'
actionpack (8.0.2) lib/action_dispatch/middleware/server_timing.rb:60:in `call'
actionpack (8.0.2) lib/action_dispatch/middleware/executor.rb:16:in `call'
actionpack (8.0.2) lib/action_dispatch/middleware/static.rb:27:in `call'
rack (3.1.14) lib/rack/sendfile.rb:114:in `call'
actionpack (8.0.2) lib/action_dispatch/middleware/host_authorization.rb:143:in `call'
railties (8.0.2) lib/rails/engine.rb:535:in `call'
puma (6.6.0) lib/puma/configuration.rb:279:in `call'
puma (6.6.0) lib/puma/request.rb:99:in `block in handle_request'
puma (6.6.0) lib/puma/thread_pool.rb:390:in `with_force_shutdown'
puma (6.6.0) lib/puma/request.rb:98:in `handle_request'
puma (6.6.0) lib/puma/server.rb:472:in `process_client'
puma (6.6.0) lib/puma/server.rb:254:in `block in run'
puma (6.6.0) lib/puma/thread_pool.rb:167:in `block in spawn_thread'
Started POST "/competitions" for ::1 at 2025-05-11 21:18:03 +0300
Processing by CompetitionsController#create as HTML
  Parameters: {"authenticity_token"=>"[FILTERED]", "competition"=>{"name"=>"Tournament"}, "commit"=>"Create Competition"}
  [1m[36mTRANSACTION (0.1ms)[0m  [1m[35mBEGIN immediate TRANSACTION /*action='create',application='CompetitionsApp',controller='competitions'*/[0m
  ↳ app/controllers/competitions_controller.rb:17:in `create'
  [1m[36mCompetition Create (4.0ms)[0m  [1m[32mINSERT INTO "competitions" ("name", "created_at", "updated_at") VALUES ('Tournament', '2025-05-11 18:18:06.159959', '2025-05-11 18:18:06.159959') RETURNING "id" /*action='create',application='CompetitionsApp',controller='competitions'*/[0m
  ↳ app/controllers/competitions_controller.rb:17:in `create'
  [1m[36mTRANSACTION (3.1ms)[0m  [1m[35mCOMMIT TRANSACTION /*action='create',application='CompetitionsApp',controller='competitions'*/[0m
  ↳ app/controllers/competitions_controller.rb:17:in `create'
Redirected to http://localhost:3000/competitions/2
Completed 302 Found in 1405ms (ActiveRecord: 11.5ms (1 query, 0 cached) | GC: 0.0ms)


Started GET "/competitions/2" for ::1 at 2025-05-11 21:18:06 +0300
Processing by CompetitionsController#show as HTML
  Parameters: {"id"=>"2"}
  [1m[36mCompetition Load (0.2ms)[0m  [1m[34mSELECT "competitions".* FROM "competitions" WHERE "competitions"."id" = 2 LIMIT 1 /*action='show',application='CompetitionsApp',controller='competitions'*/[0m
  ↳ app/controllers/competitions_controller.rb:46:in `set_competition'
  Rendering layout layouts/application.html.erb
  Rendering competitions/show.html.erb within layouts/application
  Rendered competitions/show.html.erb within layouts/application (Duration: 1.6ms | GC: 0.0ms)
  Rendered layout layouts/application.html.erb (Duration: 4.3ms | GC: 0.0ms)
Completed 200 OK in 1836ms (Views: 34.2ms | ActiveRecord: 0.2ms (1 query, 0 cached) | GC: 0.0ms)


Started GET "/competitions" for ::1 at 2025-05-11 21:18:11 +0300
Processing by CompetitionsController#index as HTML
  Rendering layout layouts/application.html.erb
  Rendering competitions/index.html.erb within layouts/application
  [1m[36mCompetition Load (0.3ms)[0m  [1m[34mSELECT "competitions".* FROM "competitions" /*action='index',application='CompetitionsApp',controller='competitions'*/[0m
  ↳ app/views/competitions/index.html.erb:14
  Rendered competitions/index.html.erb within layouts/application (Duration: 5.4ms | GC: 0.0ms)
  Rendered layout layouts/application.html.erb (Duration: 7.9ms | GC: 0.0ms)
Completed 200 OK in 1741ms (Views: 8.7ms | ActiveRecord: 0.2ms (1 query, 0 cached) | GC: 0.0ms)


Started GET "/competitions/2" for ::1 at 2025-05-11 21:18:15 +0300
Processing by CompetitionsController#show as HTML
  Parameters: {"id"=>"2"}
  [1m[36mCompetition Load (0.2ms)[0m  [1m[34mSELECT "competitions".* FROM "competitions" WHERE "competitions"."id" = 2 LIMIT 1 /*action='show',application='CompetitionsApp',controller='competitions'*/[0m
  ↳ app/controllers/competitions_controller.rb:46:in `set_competition'
  Rendering layout layouts/application.html.erb
  Rendering competitions/show.html.erb within layouts/application
  Rendered competitions/show.html.erb within layouts/application (Duration: 0.9ms | GC: 0.0ms)
  Rendered layout layouts/application.html.erb (Duration: 2.4ms | GC: 0.0ms)
Completed 200 OK in 1707ms (Views: 3.1ms | ActiveRecord: 0.2ms (1 query, 0 cached) | GC: 0.0ms)


Started GET "/competitions" for ::1 at 2025-05-11 21:18:20 +0300
Processing by CompetitionsController#index as HTML
  Rendering layout layouts/application.html.erb
  Rendering competitions/index.html.erb within layouts/application
  [1m[36mCompetition Load (0.2ms)[0m  [1m[34mSELECT "competitions".* FROM "competitions" /*action='index',application='CompetitionsApp',controller='competitions'*/[0m
  ↳ app/views/competitions/index.html.erb:14
  Rendered competitions/index.html.erb within layouts/application (Duration: 4.6ms | GC: 0.0ms)
  Rendered layout layouts/application.html.erb (Duration: 6.3ms | GC: 0.0ms)
Completed 200 OK in 1739ms (Views: 6.9ms | ActiveRecord: 0.2ms (1 query, 0 cached) | GC: 0.0ms)


Started GET "/competitions/2/edit" for ::1 at 2025-05-11 21:18:23 +0300
Processing by CompetitionsController#edit as HTML
  Parameters: {"id"=>"2"}
  [1m[36mCompetition Load (0.2ms)[0m  [1m[34mSELECT "competitions".* FROM "competitions" WHERE "competitions"."id" = 2 LIMIT 1 /*action='edit',application='CompetitionsApp',controller='competitions'*/[0m
  ↳ app/controllers/competitions_controller.rb:46:in `set_competition'
  Rendering layout layouts/application.html.erb
  Rendering competitions/edit.html.erb within layouts/application
  Rendered competitions/_form.html.erb (Duration: 3.6ms | GC: 0.0ms)
  Rendered competitions/edit.html.erb within layouts/application (Duration: 11.8ms | GC: 0.0ms)
  Rendered layout layouts/application.html.erb (Duration: 13.1ms | GC: 0.0ms)
Completed 200 OK in 1767ms (Views: 14.2ms | ActiveRecord: 0.2ms (1 query, 0 cached) | GC: 0.0ms)


Started PATCH "/competitions/2" for ::1 at 2025-05-11 21:18:28 +0300
Processing by CompetitionsController#update as HTML
  Parameters: {"authenticity_token"=>"[FILTERED]", "competition"=>{"name"=>"Tournament2"}, "commit"=>"Update Competition", "id"=>"2"}
  [1m[36mCompetition Load (0.2ms)[0m  [1m[34mSELECT "competitions".* FROM "competitions" WHERE "competitions"."id" = 2 LIMIT 1 /*action='update',application='CompetitionsApp',controller='competitions'*/[0m
  ↳ app/controllers/competitions_controller.rb:46:in `set_competition'
Completed 500 Internal Server Error in 1703ms (ActiveRecord: 0.2ms (1 query, 0 cached) | GC: 0.0ms)


  
ArgumentError (wrong number of arguments (given 1, expected 0)):
  
app/models/competition.rb:25:in `update'
app/controllers/competitions_controller.rb:29:in `update'
Started PATCH "/competitions/2" for ::1 at 2025-05-11 21:19:29 +0300
Processing by CompetitionsController#update as HTML
  Parameters: {"authenticity_token"=>"[FILTERED]", "competition"=>{"name"=>"Tournament2"}, "commit"=>"Update Competition", "id"=>"2"}
  [1m[36mCompetition Load (0.3ms)[0m  [1m[34mSELECT "competitions".* FROM "competitions" WHERE "competitions"."id" = 2 LIMIT 1 /*action='update',application='CompetitionsApp',controller='competitions'*/[0m
  ↳ app/controllers/competitions_controller.rb:46:in `set_competition'
Completed 500 Internal Server Error in 1757ms (ActiveRecord: 0.2ms (1 query, 0 cached) | GC: 0.0ms)


  
ArgumentError (wrong number of arguments (given 1, expected 0)):
  
app/models/competition.rb:25:in `update'
app/controllers/competitions_controller.rb:29:in `update'
Started GET "/competitions/2/edit" for ::1 at 2025-05-11 21:21:46 +0300
Processing by CompetitionsController#edit as HTML
  Parameters: {"id"=>"2"}
  [1m[36mCompetition Load (0.2ms)[0m  [1m[34mSELECT "competitions".* FROM "competitions" WHERE "competitions"."id" = 2 LIMIT 1 /*action='edit',application='CompetitionsApp',controller='competitions'*/[0m
  ↳ app/controllers/competitions_controller.rb:46:in `set_competition'
  Rendering layout layouts/application.html.erb
  Rendering competitions/edit.html.erb within layouts/application
  Rendered competitions/_form.html.erb (Duration: 2.4ms | GC: 0.0ms)
  Rendered competitions/edit.html.erb within layouts/application (Duration: 7.9ms | GC: 0.0ms)
  Rendered layout layouts/application.html.erb (Duration: 9.6ms | GC: 0.0ms)
Completed 200 OK in 1339ms (Views: 25.2ms | ActiveRecord: 4.9ms (1 query, 0 cached) | GC: 0.0ms)


Started PATCH "/competitions/2" for ::1 at 2025-05-11 21:21:51 +0300
Processing by CompetitionsController#update as HTML
  Parameters: {"authenticity_token"=>"[FILTERED]", "competition"=>{"name"=>"Tournament2"}, "commit"=>"Update Competition", "id"=>"2"}
  [1m[36mCompetition Load (0.2ms)[0m  [1m[34mSELECT "competitions".* FROM "competitions" WHERE "competitions"."id" = 2 LIMIT 1 /*action='update',application='CompetitionsApp',controller='competitions'*/[0m
  ↳ app/controllers/competitions_controller.rb:46:in `set_competition'
Competition Params: #<ActionController::Parameters {"name"=>"Tournament2"} permitted: true>
Completed 500 Internal Server Error in 1810ms (ActiveRecord: 0.3ms (1 query, 0 cached) | GC: 0.0ms)


  
ArgumentError (wrong number of arguments (given 1, expected 0)):
  
app/models/competition.rb:25:in `update'
app/controllers/competitions_controller.rb:30:in `update'
Started GET "/competitions/2" for ::1 at 2025-05-11 21:22:08 +0300
Processing by CompetitionsController#show as HTML
  Parameters: {"id"=>"2"}
  [1m[36mCompetition Load (0.2ms)[0m  [1m[34mSELECT "competitions".* FROM "competitions" WHERE "competitions"."id" = 2 LIMIT 1 /*action='show',application='CompetitionsApp',controller='competitions'*/[0m
  ↳ app/controllers/competitions_controller.rb:46:in `set_competition'
  Rendering layout layouts/application.html.erb
  Rendering competitions/show.html.erb within layouts/application
  Rendered competitions/show.html.erb within layouts/application (Duration: 1.5ms | GC: 0.0ms)
  Rendered layout layouts/application.html.erb (Duration: 2.7ms | GC: 0.0ms)
Completed 200 OK in 1294ms (Views: 3.4ms | ActiveRecord: 0.2ms (1 query, 0 cached) | GC: 0.0ms)


Started GET "/competitions" for ::1 at 2025-05-11 21:22:13 +0300
Processing by CompetitionsController#index as HTML
  Rendering layout layouts/application.html.erb
  Rendering competitions/index.html.erb within layouts/application
  [1m[36mCompetition Load (0.2ms)[0m  [1m[34mSELECT "competitions".* FROM "competitions" /*action='index',application='CompetitionsApp',controller='competitions'*/[0m
  ↳ app/views/competitions/index.html.erb:14
  Rendered competitions/index.html.erb within layouts/application (Duration: 5.8ms | GC: 0.0ms)
  Rendered layout layouts/application.html.erb (Duration: 7.3ms | GC: 0.0ms)
Completed 200 OK in 1807ms (Views: 7.8ms | ActiveRecord: 0.2ms (1 query, 0 cached) | GC: 0.0ms)


Started GET "/competitions/1" for ::1 at 2025-05-11 21:22:16 +0300
Processing by CompetitionsController#show as HTML
  Parameters: {"id"=>"1"}
  [1m[36mCompetition Load (0.2ms)[0m  [1m[34mSELECT "competitions".* FROM "competitions" WHERE "competitions"."id" = 1 LIMIT 1 /*action='show',application='CompetitionsApp',controller='competitions'*/[0m
  ↳ app/controllers/competitions_controller.rb:46:in `set_competition'
  Rendering layout layouts/application.html.erb
  Rendering competitions/show.html.erb within layouts/application
  Rendered competitions/show.html.erb within layouts/application (Duration: 0.8ms | GC: 0.0ms)
  Rendered layout layouts/application.html.erb (Duration: 2.2ms | GC: 0.0ms)
Completed 200 OK in 1782ms (Views: 3.0ms | ActiveRecord: 0.2ms (1 query, 0 cached) | GC: 0.0ms)


Started GET "/competitions/1/edit" for ::1 at 2025-05-11 21:22:20 +0300
Processing by CompetitionsController#edit as HTML
  Parameters: {"id"=>"1"}
  [1m[36mCompetition Load (0.2ms)[0m  [1m[34mSELECT "competitions".* FROM "competitions" WHERE "competitions"."id" = 1 LIMIT 1 /*action='edit',application='CompetitionsApp',controller='competitions'*/[0m
  ↳ app/controllers/competitions_controller.rb:46:in `set_competition'
  Rendering layout layouts/application.html.erb
  Rendering competitions/edit.html.erb within layouts/application
  Rendered competitions/_form.html.erb (Duration: 2.3ms | GC: 0.0ms)
  Rendered competitions/edit.html.erb within layouts/application (Duration: 3.5ms | GC: 0.0ms)
  Rendered layout layouts/application.html.erb (Duration: 4.6ms | GC: 0.0ms)
Completed 200 OK in 1782ms (Views: 5.4ms | ActiveRecord: 0.2ms (1 query, 0 cached) | GC: 0.0ms)


Started GET "/competitions" for ::1 at 2025-05-11 21:22:24 +0300
Processing by CompetitionsController#index as HTML
  Rendering layout layouts/application.html.erb
  Rendering competitions/index.html.erb within layouts/application
  [1m[36mCompetition Load (0.2ms)[0m  [1m[34mSELECT "competitions".* FROM "competitions" /*action='index',application='CompetitionsApp',controller='competitions'*/[0m
  ↳ app/views/competitions/index.html.erb:14
  Rendered competitions/index.html.erb within layouts/application (Duration: 7.1ms | GC: 0.0ms)
  Rendered layout layouts/application.html.erb (Duration: 8.9ms | GC: 0.0ms)
Completed 200 OK in 1690ms (Views: 9.5ms | ActiveRecord: 0.2ms (1 query, 0 cached) | GC: 0.0ms)


Started GET "/competitions/2" for ::1 at 2025-05-11 21:22:58 +0300
Processing by CompetitionsController#show as HTML
  Parameters: {"id"=>"2"}
  [1m[36mCompetition Load (0.2ms)[0m  [1m[34mSELECT "competitions".* FROM "competitions" WHERE "competitions"."id" = 2 LIMIT 1 /*action='show',application='CompetitionsApp',controller='competitions'*/[0m
  ↳ app/controllers/competitions_controller.rb:46:in `set_competition'
  Rendering layout layouts/application.html.erb
  Rendering competitions/show.html.erb within layouts/application
  Rendered competitions/show.html.erb within layouts/application (Duration: 1.6ms | GC: 0.0ms)
  Rendered layout layouts/application.html.erb (Duration: 4.2ms | GC: 0.0ms)
Completed 200 OK in 2110ms (Views: 27.3ms | ActiveRecord: 6.5ms (1 query, 0 cached) | GC: 0.0ms)


Started GET "/competitions" for ::1 at 2025-05-11 21:23:02 +0300
Processing by CompetitionsController#index as HTML
  Rendering layout layouts/application.html.erb
  Rendering competitions/index.html.erb within layouts/application
  [1m[36mCompetition Load (0.3ms)[0m  [1m[34mSELECT "competitions".* FROM "competitions" /*action='index',application='CompetitionsApp',controller='competitions'*/[0m
  ↳ app/views/competitions/index.html.erb:14
  Rendered competitions/index.html.erb within layouts/application (Duration: 7.5ms | GC: 0.0ms)
  Rendered layout layouts/application.html.erb (Duration: 9.1ms | GC: 0.0ms)
Completed 200 OK in 1925ms (Views: 9.7ms | ActiveRecord: 0.3ms (1 query, 0 cached) | GC: 0.0ms)


Started GET "/competitions/new" for ::1 at 2025-05-11 21:23:30 +0300
Processing by CompetitionsController#new as HTML
  Rendering layout layouts/application.html.erb
  Rendering competitions/new.html.erb within layouts/application
  Rendered competitions/_form.html.erb (Duration: 2.7ms | GC: 0.0ms)
  Rendered competitions/new.html.erb within layouts/application (Duration: 9.7ms | GC: 0.0ms)
  Rendered layout layouts/application.html.erb (Duration: 11.1ms | GC: 0.0ms)
Completed 200 OK in 1751ms (Views: 11.9ms | ActiveRecord: 0.0ms (0 queries, 0 cached) | GC: 0.0ms)


Started GET "/competitions" for ::1 at 2025-05-11 21:23:34 +0300
Processing by CompetitionsController#index as HTML
  Rendering layout layouts/application.html.erb
  Rendering competitions/index.html.erb within layouts/application
  [1m[36mCompetition Load (0.2ms)[0m  [1m[34mSELECT "competitions".* FROM "competitions" /*action='index',application='CompetitionsApp',controller='competitions'*/[0m
  ↳ app/views/competitions/index.html.erb:14
  Rendered competitions/index.html.erb within layouts/application (Duration: 4.5ms | GC: 0.0ms)
  Rendered layout layouts/application.html.erb (Duration: 6.0ms | GC: 0.0ms)
Completed 200 OK in 1792ms (Views: 6.5ms | ActiveRecord: 0.2ms (1 query, 0 cached) | GC: 0.0ms)


Started GET "/competitions/1" for ::1 at 2025-05-11 21:24:05 +0300
Processing by CompetitionsController#show as HTML
  Parameters: {"id"=>"1"}
  [1m[36mCompetition Load (0.1ms)[0m  [1m[34mSELECT "competitions".* FROM "competitions" WHERE "competitions"."id" = 1 LIMIT 1 /*action='show',application='CompetitionsApp',controller='competitions'*/[0m
  ↳ app/controllers/competitions_controller.rb:47:in `set_competition'
  Rendering layout layouts/application.html.erb
  Rendering competitions/show.html.erb within layouts/application
  Rendered competitions/show.html.erb within layouts/application (Duration: 2.1ms | GC: 0.0ms)
  Rendered layout layouts/application.html.erb (Duration: 4.1ms | GC: 0.0ms)
Completed 200 OK in 1319ms (Views: 19.2ms | ActiveRecord: 3.9ms (1 query, 0 cached) | GC: 0.0ms)


Started GET "/competitions" for ::1 at 2025-05-11 21:24:09 +0300
Processing by CompetitionsController#index as HTML
  Rendering layout layouts/application.html.erb
  Rendering competitions/index.html.erb within layouts/application
  [1m[36mCompetition Load (0.2ms)[0m  [1m[34mSELECT "competitions".* FROM "competitions" /*action='index',application='CompetitionsApp',controller='competitions'*/[0m
  ↳ app/views/competitions/index.html.erb:14
  Rendered competitions/index.html.erb within layouts/application (Duration: 4.9ms | GC: 0.0ms)
  Rendered layout layouts/application.html.erb (Duration: 6.4ms | GC: 0.0ms)
Completed 200 OK in 1282ms (Views: 7.0ms | ActiveRecord: 0.2ms (1 query, 0 cached) | GC: 0.0ms)


  [1m[36mCompetition Load (28.6ms)[0m  [1m[34mSELECT "competitions".* FROM "competitions" /* loading for pp */ LIMIT 11 /*application='CompetitionsApp'*/[0m
  [1m[36mSport Load (0.2ms)[0m  [1m[34mSELECT "sports".* FROM "sports" /* loading for pp */ LIMIT 11 /*application='CompetitionsApp'*/[0m
  [1m[36mCompetition Load (0.2ms)[0m  [1m[34mSELECT "competitions".* FROM "competitions" WHERE "competitions"."name" = 'Олімпіада' LIMIT 1 /*application='CompetitionsApp'*/[0m
  [1m[36mTRANSACTION (0.1ms)[0m  [1m[35mBEGIN immediate TRANSACTION /*application='CompetitionsApp'*/[0m
  [1m[36mCompetition Create (1.9ms)[0m  [1m[32mINSERT INTO "competitions" ("name", "created_at", "updated_at") VALUES ('Олімпіада', '2025-05-12 07:31:22.585740', '2025-05-12 07:31:22.585740') RETURNING "id" /*application='CompetitionsApp'*/[0m
  [1m[36mTRANSACTION (1.9ms)[0m  [1m[35mCOMMIT TRANSACTION /*application='CompetitionsApp'*/[0m
  [1m[36mTeam Load (0.2ms)[0m  [1m[34mSELECT "teams".* FROM "teams" /* loading for pp */ LIMIT 11 /*application='CompetitionsApp'*/[0m
  [1m[36mTeam Load (0.2ms)[0m  [1m[34mSELECT "teams".* FROM "teams" WHERE "teams"."id" = 1 LIMIT 1 /*application='CompetitionsApp'*/[0m
  [1m[36mCompetition Load (0.2ms)[0m  [1m[34mSELECT "competitions".* FROM "competitions" WHERE "competitions"."id" = 1 LIMIT 1 /*application='CompetitionsApp'*/[0m
  [1m[36mTeam Load (0.2ms)[0m  [1m[34mSELECT "teams".* FROM "teams" /* loading for pp */ LIMIT 11 /*application='CompetitionsApp'*/[0m
  [1m[36mTRANSACTION (0.1ms)[0m  [1m[35mBEGIN immediate TRANSACTION /*application='CompetitionsApp'*/[0m
  [1m[36mCompetition Load (0.7ms)[0m  [1m[34mSELECT "competitions".* FROM "competitions" WHERE "competitions"."id" = 1 LIMIT 1 /*application='CompetitionsApp'*/[0m
  [1m[36mTeam Create (0.2ms)[0m  [1m[32mINSERT INTO "teams" ("name", "competition_id", "created_at", "updated_at") VALUES ('USA', 1, '2025-05-12 07:39:02.281890', '2025-05-12 07:39:02.281890') RETURNING "id" /*application='CompetitionsApp'*/[0m
  [1m[36mTRANSACTION (0.2ms)[0m  [1m[35mCOMMIT TRANSACTION /*application='CompetitionsApp'*/[0m
  [1m[36mTeam Load (0.3ms)[0m  [1m[34mSELECT "teams".* FROM "teams" /* loading for pp */ LIMIT 11 /*application='CompetitionsApp'*/[0m
  [1m[36mCompetition Load (0.2ms)[0m  [1m[34mSELECT "competitions".* FROM "competitions" WHERE "competitions"."id" = 1 LIMIT 1 /*application='CompetitionsApp'*/[0m
  [1m[36mTeam Load (0.2ms)[0m  [1m[34mSELECT "teams".* FROM "teams" /* loading for pp */ LIMIT 11 /*application='CompetitionsApp'*/[0m
Started GET "/" for ::1 at 2025-05-12 10:47:48 +0300
  [1m[36mActiveRecord::SchemaMigration Load (0.3ms)[0m  [1m[34mSELECT "schema_migrations"."version" FROM "schema_migrations" ORDER BY "schema_migrations"."version" ASC /*application='CompetitionsApp'*/[0m
Processing by CompetitionsController#index as HTML
  Rendering layout layouts/application.html.erb
  Rendering competitions/index.html.erb within layouts/application
  [1m[36mCompetition Load (4.7ms)[0m  [1m[34mSELECT "competitions".* FROM "competitions" /*action='index',application='CompetitionsApp',controller='competitions'*/[0m
  ↳ app/views/competitions/index.html.erb:14
  Rendered competitions/index.html.erb within layouts/application (Duration: 26.3ms | GC: 0.0ms)
  Rendered layout layouts/application.html.erb (Duration: 32.8ms | GC: 0.0ms)
Completed 200 OK in 4452ms (Views: 95.6ms | ActiveRecord: 8.9ms (1 query, 0 cached) | GC: 0.0ms)


Started GET "/favicon.ico" for ::1 at 2025-05-12 10:47:54 +0300
  
ActionController::RoutingError (No route matches [GET] "/favicon.ico"):
  
Started GET "/competitions/new" for ::1 at 2025-05-12 10:48:11 +0300
Processing by CompetitionsController#new as HTML
  Rendering layout layouts/application.html.erb
  Rendering competitions/new.html.erb within layouts/application
  Rendered competitions/_form.html.erb (Duration: 19.1ms | GC: 0.0ms)
  Rendered competitions/new.html.erb within layouts/application (Duration: 27.9ms | GC: 0.0ms)
  Rendered layout layouts/application.html.erb (Duration: 29.3ms | GC: 0.0ms)
Completed 200 OK in 1851ms (Views: 30.2ms | ActiveRecord: 0.0ms (0 queries, 0 cached) | GC: 0.0ms)


Started POST "/competitions" for ::1 at 2025-05-12 10:48:25 +0300
Processing by CompetitionsController#create as HTML
  Parameters: {"authenticity_token"=>"[FILTERED]", "competition"=>{"name"=>"Championship"}, "commit"=>"Create Competition"}
  [1m[36mTRANSACTION (0.2ms)[0m  [1m[35mBEGIN immediate TRANSACTION /*action='create',application='CompetitionsApp',controller='competitions'*/[0m
  ↳ app/controllers/competitions_controller.rb:17:in `create'
  [1m[36mCompetition Create (4.3ms)[0m  [1m[32mINSERT INTO "competitions" ("name", "created_at", "updated_at") VALUES ('Championship', '2025-05-12 07:48:27.666827', '2025-05-12 07:48:27.666827') RETURNING "id" /*action='create',application='CompetitionsApp',controller='competitions'*/[0m
  ↳ app/controllers/competitions_controller.rb:17:in `create'
  [1m[36mTRANSACTION (5.6ms)[0m  [1m[35mCOMMIT TRANSACTION /*action='create',application='CompetitionsApp',controller='competitions'*/[0m
  ↳ app/controllers/competitions_controller.rb:17:in `create'
Redirected to http://localhost:3000/competitions/4
Completed 302 Found in 1967ms (ActiveRecord: 10.0ms (1 query, 0 cached) | GC: 0.0ms)


Started GET "/competitions/4" for ::1 at 2025-05-12 10:48:27 +0300
Processing by CompetitionsController#show as HTML
  Parameters: {"id"=>"4"}
  [1m[36mCompetition Load (0.2ms)[0m  [1m[34mSELECT "competitions".* FROM "competitions" WHERE "competitions"."id" = 4 LIMIT 1 /*action='show',application='CompetitionsApp',controller='competitions'*/[0m
  ↳ app/controllers/competitions_controller.rb:47:in `set_competition'
  Rendering layout layouts/application.html.erb
  Rendering competitions/show.html.erb within layouts/application
  Rendered competitions/show.html.erb within layouts/application (Duration: 1.7ms | GC: 0.0ms)
  Rendered layout layouts/application.html.erb (Duration: 3.3ms | GC: 0.0ms)
Completed 200 OK in 1840ms (Views: 4.1ms | ActiveRecord: 0.2ms (1 query, 0 cached) | GC: 0.0ms)


Started GET "/competitions" for ::1 at 2025-05-12 10:48:32 +0300
Processing by CompetitionsController#index as HTML
  Rendering layout layouts/application.html.erb
  Rendering competitions/index.html.erb within layouts/application
  [1m[36mCompetition Load (0.2ms)[0m  [1m[34mSELECT "competitions".* FROM "competitions" /*action='index',application='CompetitionsApp',controller='competitions'*/[0m
  ↳ app/views/competitions/index.html.erb:14
  Rendered competitions/index.html.erb within layouts/application (Duration: 4.6ms | GC: 0.0ms)
  Rendered layout layouts/application.html.erb (Duration: 6.2ms | GC: 0.0ms)
Completed 200 OK in 1852ms (Views: 6.8ms | ActiveRecord: 0.2ms (1 query, 0 cached) | GC: 0.0ms)


Started GET "/competitions/4/edit" for ::1 at 2025-05-12 10:48:40 +0300
Processing by CompetitionsController#edit as HTML
  Parameters: {"id"=>"4"}
  [1m[36mCompetition Load (0.2ms)[0m  [1m[34mSELECT "competitions".* FROM "competitions" WHERE "competitions"."id" = 4 LIMIT 1 /*action='edit',application='CompetitionsApp',controller='competitions'*/[0m
  ↳ app/controllers/competitions_controller.rb:47:in `set_competition'
  Rendering layout layouts/application.html.erb
  Rendering competitions/edit.html.erb within layouts/application
  Rendered competitions/_form.html.erb (Duration: 1.7ms | GC: 0.0ms)
  Rendered competitions/edit.html.erb within layouts/application (Duration: 3.5ms | GC: 0.0ms)
  Rendered layout layouts/application.html.erb (Duration: 4.7ms | GC: 0.0ms)
Completed 200 OK in 2088ms (Views: 5.4ms | ActiveRecord: 0.2ms (1 query, 0 cached) | GC: 0.0ms)


Started PATCH "/competitions/4" for ::1 at 2025-05-12 10:48:46 +0300
Processing by CompetitionsController#update as HTML
  Parameters: {"authenticity_token"=>"[FILTERED]", "competition"=>{"name"=>"Championship4"}, "commit"=>"Update Competition", "id"=>"4"}
  [1m[36mCompetition Load (0.2ms)[0m  [1m[34mSELECT "competitions".* FROM "competitions" WHERE "competitions"."id" = 4 LIMIT 1 /*action='update',application='CompetitionsApp',controller='competitions'*/[0m
  ↳ app/controllers/competitions_controller.rb:47:in `set_competition'
Completed 500 Internal Server Error in 2025ms (ActiveRecord: 0.2ms (1 query, 0 cached) | GC: 0.0ms)


  
ArgumentError (wrong number of arguments (given 1, expected 0)):
  
app/models/competition.rb:25:in `update'
app/controllers/competitions_controller.rb:29:in `update'
Started GET "/competitions/4" for ::1 at 2025-05-12 10:52:46 +0300
Processing by CompetitionsController#show as HTML
  Parameters: {"id"=>"4"}
  [1m[36mCompetition Load (0.2ms)[0m  [1m[34mSELECT "competitions".* FROM "competitions" WHERE "competitions"."id" = 4 LIMIT 1 /*action='show',application='CompetitionsApp',controller='competitions'*/[0m
  ↳ app/controllers/competitions_controller.rb:47:in `set_competition'
  Rendering layout layouts/application.html.erb
  Rendering competitions/show.html.erb within layouts/application
  Rendered competitions/show.html.erb within layouts/application (Duration: 0.8ms | GC: 0.0ms)
  Rendered layout layouts/application.html.erb (Duration: 2.2ms | GC: 0.0ms)
Completed 200 OK in 1569ms (Views: 2.9ms | ActiveRecord: 0.2ms (1 query, 0 cached) | GC: 0.0ms)


Started GET "/competitions/4/edit" for ::1 at 2025-05-12 10:52:50 +0300
Processing by CompetitionsController#edit as HTML
  Parameters: {"id"=>"4"}
  [1m[36mCompetition Load (0.3ms)[0m  [1m[34mSELECT "competitions".* FROM "competitions" WHERE "competitions"."id" = 4 LIMIT 1 /*action='edit',application='CompetitionsApp',controller='competitions'*/[0m
  ↳ app/controllers/competitions_controller.rb:47:in `set_competition'
  Rendering layout layouts/application.html.erb
  Rendering competitions/edit.html.erb within layouts/application
  Rendered competitions/_form.html.erb (Duration: 1.7ms | GC: 0.0ms)
  Rendered competitions/edit.html.erb within layouts/application (Duration: 2.6ms | GC: 0.0ms)
  Rendered layout layouts/application.html.erb (Duration: 3.8ms | GC: 0.0ms)
Completed 200 OK in 2002ms (Views: 4.7ms | ActiveRecord: 0.2ms (1 query, 0 cached) | GC: 0.0ms)


Started GET "/.well-known/appspecific/com.chrome.devtools.json" for ::1 at 2025-05-12 10:53:08 +0300
  
ActionController::RoutingError (No route matches [GET] "/.well-known/appspecific/com.chrome.devtools.json"):
  
Started GET "/competitions/1" for ::1 at 2025-05-12 10:53:15 +0300
Processing by CompetitionsController#show as HTML
  Parameters: {"id"=>"1"}
  [1m[36mCompetition Load (0.3ms)[0m  [1m[34mSELECT "competitions".* FROM "competitions" WHERE "competitions"."id" = 1 LIMIT 1 /*action='show',application='CompetitionsApp',controller='competitions'*/[0m
  ↳ app/controllers/competitions_controller.rb:47:in `set_competition'
  Rendering layout layouts/application.html.erb
  Rendering competitions/show.html.erb within layouts/application
  Rendered competitions/show.html.erb within layouts/application (Duration: 0.7ms | GC: 0.0ms)
  Rendered layout layouts/application.html.erb (Duration: 2.3ms | GC: 0.0ms)
Completed 200 OK in 1918ms (Views: 3.1ms | ActiveRecord: 0.3ms (1 query, 0 cached) | GC: 0.0ms)


Started GET "/.well-known/appspecific/com.chrome.devtools.json" for ::1 at 2025-05-12 10:53:17 +0300
  
ActionController::RoutingError (No route matches [GET] "/.well-known/appspecific/com.chrome.devtools.json"):
  
Started GET "/competitions/1/edit" for ::1 at 2025-05-12 10:53:21 +0300
Processing by CompetitionsController#edit as HTML
  Parameters: {"id"=>"1"}
  [1m[36mCompetition Load (0.2ms)[0m  [1m[34mSELECT "competitions".* FROM "competitions" WHERE "competitions"."id" = 1 LIMIT 1 /*action='edit',application='CompetitionsApp',controller='competitions'*/[0m
  ↳ app/controllers/competitions_controller.rb:47:in `set_competition'
  Rendering layout layouts/application.html.erb
  Rendering competitions/edit.html.erb within layouts/application
  Rendered competitions/_form.html.erb (Duration: 1.4ms | GC: 0.0ms)
  Rendered competitions/edit.html.erb within layouts/application (Duration: 2.4ms | GC: 0.0ms)
  Rendered layout layouts/application.html.erb (Duration: 3.6ms | GC: 0.0ms)
Completed 200 OK in 1760ms (Views: 4.4ms | ActiveRecord: 0.2ms (1 query, 0 cached) | GC: 0.0ms)


Started GET "/.well-known/appspecific/com.chrome.devtools.json" for ::1 at 2025-05-12 10:53:23 +0300
  
ActionController::RoutingError (No route matches [GET] "/.well-known/appspecific/com.chrome.devtools.json"):
  
Started PATCH "/competitions/1" for ::1 at 2025-05-12 10:53:25 +0300
Processing by CompetitionsController#update as HTML
  Parameters: {"authenticity_token"=>"[FILTERED]", "competition"=>{"name"=>"Олімпіада3"}, "commit"=>"Update Competition", "id"=>"1"}
  [1m[36mCompetition Load (0.2ms)[0m  [1m[34mSELECT "competitions".* FROM "competitions" WHERE "competitions"."id" = 1 LIMIT 1 /*action='update',application='CompetitionsApp',controller='competitions'*/[0m
  ↳ app/controllers/competitions_controller.rb:47:in `set_competition'
Completed 500 Internal Server Error in 1928ms (ActiveRecord: 0.2ms (1 query, 0 cached) | GC: 0.0ms)


  
ArgumentError (wrong number of arguments (given 1, expected 0)):
  
app/models/competition.rb:25:in `update'
app/controllers/competitions_controller.rb:29:in `update'
Started GET "/.well-known/appspecific/com.chrome.devtools.json" for ::1 at 2025-05-12 10:53:28 +0300
  
ActionController::RoutingError (No route matches [GET] "/.well-known/appspecific/com.chrome.devtools.json"):
  
